<?xml version="1.0" encoding="UTF-8"?>
<testng-results skipped="0" failed="0" ignored="1" total="2" passed="1">
  <reporter-output>
  </reporter-output>
  <suite name="Command line suite" duration-ms="5777" started-at="2019-02-11T18:36:20Z" finished-at="2019-02-11T18:36:26Z">
    <groups>
    </groups>
    <test name="Command line test" duration-ms="5777" started-at="2019-02-11T18:36:20Z" finished-at="2019-02-11T18:36:26Z">
      <class name="BookingTest">
        <test-method status="PASS" signature="setEnvironment()[pri:0, instance:BookingTest@1753acfe]" name="setEnvironment" is-config="true" duration-ms="8003" started-at="2019-02-11T18:36:12Z" finished-at="2019-02-11T18:36:20Z">
          <reporter-output>
          </reporter-output>
        </test-method> <!-- setEnvironment -->
        <test-method status="PASS" signature="testOpenSite()[pri:0, instance:BookingTest@1753acfe]" name="testOpenSite" duration-ms="5763" started-at="2019-02-11T18:36:20Z" finished-at="2019-02-11T18:36:26Z">
          <reporter-output>
          </reporter-output>
        </test-method> <!-- testOpenSite -->
      </class> <!-- BookingTest -->
    </test> <!-- Command line test -->
  </suite> <!-- Command line suite -->
</testng-results>
